<?xml version="1.0" encoding="UTF-8"?>
<!-- Generated by org.testng.reporters.JUnitReportReporter -->
<testsuite hostname="LAPTOP-JQ1SELFC" failures="0" tests="1" name="restex1.PostTest" time="5.531" errors="0" timestamp="2021-11-23T11:34:37 IST" skipped="0">
  <testcase classname="restex1.PostTest" name="test1" time="5.531"/>
  <system-out/>
</testsuite> <!-- restex1.PostTest -->
