<?xml version="1.0" encoding="UTF-8"?>
<!-- Generated by org.testng.reporters.JUnitReportReporter -->
<testsuite hostname="LAPTOP-JQ1SELFC" failures="0" tests="1" name="restex1.DeleteTest" time="2.554" errors="0" timestamp="2021-11-23T11:46:22 IST" skipped="0">
  <testcase classname="restex1.DeleteTest" name="delete_test" time="2.554"/>
  <system-out/>
</testsuite> <!-- restex1.DeleteTest -->
