<?xml version="1.0" encoding="UTF-8"?>
<!-- Generated by org.testng.reporters.JUnitReportReporter -->
<testsuite hostname="LAPTOP-JQ1SELFC" failures="0" tests="2" name="restex1.GetTest1" time="3.077" errors="0" timestamp="2021-11-22T19:14:51 IST" skipped="0">
  <testcase classname="restex1.GetTest1" name="test1" time="2.193"/>
  <system-out/>
  <testcase classname="restex1.GetTest1" name="test2" time="0.884"/>
  <system-out/>
</testsuite> <!-- restex1.GetTest1 -->
