<?xml version="1.0" encoding="UTF-8"?>
<!-- Generated by org.testng.reporters.JUnitReportReporter -->
<testsuite hostname="LAPTOP-JQ1SELFC" failures="0" tests="2" name="restex1.PutExample" time="5.455" errors="0" timestamp="2021-11-23T11:44:23 IST" skipped="0">
  <testcase classname="restex1.PutExample" name="test1" time="3.079"/>
  <system-out/>
  <testcase classname="restex1.PutExample" name="test2" time="2.376"/>
  <system-out/>
</testsuite> <!-- restex1.PutExample -->
