<?xml version="1.0" encoding="UTF-8"?>
<!-- Generated by org.testng.reporters.JUnitReportReporter -->
<testsuite hostname="LAPTOP-JQ1SELFC" failures="0" tests="1" name="restex1.PostWithPayload" time="3.955" errors="0" timestamp="2021-11-23T11:41:56 IST" skipped="0">
  <testcase classname="restex1.PostWithPayload" name="test1" time="3.955"/>
  <system-out/>
</testsuite> <!-- restex1.PostWithPayload -->
