<?xml version="1.0" encoding="UTF-8"?>
<!-- Generated by org.testng.reporters.JUnitReportReporter -->
<testsuite hostname="LAPTOP-JQ1SELFC" failures="0" tests="1" name="restex1.RestExample" time="3.356" errors="0" timestamp="2021-11-23T20:19:23 IST" skipped="0">
  <testcase classname="restex1.RestExample" name="testLogging" time="3.356"/>
  <system-out/>
</testsuite> <!-- restex1.RestExample -->
